#
# There is insufficient memory for the Java Runtime Environment to continue.
# Native memory allocation (mmap) failed to map 134217728 bytes for G1 virtual space
# Possible reasons:
#   The system is out of physical RAM or swap space
#   The process is running with CompressedOops enabled, and the Java Heap may be blocking the growth of the native heap
# Possible solutions:
#   Reduce memory load on the system
#   Increase physical memory or swap space
#   Check if swap backing store is full
#   Decrease Java heap size (-Xmx/-Xms)
#   Decrease number of Java threads
#   Decrease Java thread stack sizes (-Xss)
#   Set larger code cache with -XX:ReservedCodeCacheSize=
#   JVM is running with Unscaled Compressed Oops mode in which the Java heap is
#     placed in the first 4GB address space. The Java Heap base address is the
#     maximum limit for the native heap growth. Please use -XX:HeapBaseMinAddress
#     to set the Java Heap base and to place the Java Heap above 4GB virtual address.
# This output file may be truncated or incomplete.
#
#  Out of Memory Error (os_windows.cpp:3527), pid=20956, tid=2872
#
# JRE version:  (19.0.1+10) (build )
# Java VM: OpenJDK 64-Bit Server VM (19.0.1+10-21, mixed mode, sharing, tiered, compressed oops, compressed class ptrs, g1 gc, windows-amd64)
# No core dump will be written. Minidumps are not enabled by default on client versions of Windows
#

---------------  S U M M A R Y ------------

Command Line: -javaagent:C:\Program Files\JetBrains\IntelliJ IDEA 2022.2.3\lib\idea_rt.jar=53083:C:\Program Files\JetBrains\IntelliJ IDEA 2022.2.3\bin -Dfile.encoding=UTF-8 -Dsun.stdout.encoding=UTF-8 -Dsun.stderr.encoding=UTF-8 --module-path=C:\Users\robin\AndroidStudioProjects\BloedonderzoekSysteem\target\classes;C:\Users\robin\.m2\repository\org\openjfx\javafx-graphics\19-ea+7\javafx-graphics-19-ea+7-win.jar;C:\Users\robin\.m2\repository\org\openjfx\javafx-controls\19-ea+7\javafx-controls-19-ea+7-win.jar;C:\Users\robin\.m2\repository\org\openjfx\javafx-base\19-ea+7\javafx-base-19-ea+7-win.jar;C:\Users\robin\.m2\repository\org\openjfx\javafx-fxml\19-ea+7\javafx-fxml-19-ea+7-win.jar -Djdk.module.main=com.example.bloedonderzoeksyteem com.example.bloedonderzoeksyteem/com.example.bloedonderzoeksyteem.Applicatie

Host: Intel(R) Core(TM) i7-7700HQ CPU @ 2.80GHz, 8 cores, 7G,  Windows 10 , 64 bit Build 19041 (10.0.19041.3031)
Time: Mon Jun 26 12:53:04 2023 West-Europa (zomertijd) elapsed time: 0.043283 seconds (0d 0h 0m 0s)

---------------  T H R E A D  ---------------

Current thread (0x0000027682fac500):  JavaThread "Unknown thread" [_thread_in_vm, id=2872, stack(0x000000d407500000,0x000000d407600000)]

Stack: [0x000000d407500000,0x000000d407600000]
Native frames: (J=compiled Java code, j=interpreted, Vv=VM code, C=native code)
V  [jvm.dll+0x6ee8fa]
V  [jvm.dll+0x857a1e]
V  [jvm.dll+0x85940e]
V  [jvm.dll+0x859ac3]
V  [jvm.dll+0x28291f]
V  [jvm.dll+0x6eb6e9]
V  [jvm.dll+0x6e028a]
V  [jvm.dll+0x357136]
V  [jvm.dll+0x35eb96]
V  [jvm.dll+0x3b555e]
V  [jvm.dll+0x3b578f]
V  [jvm.dll+0x32c6ea]
V  [jvm.dll+0x32d59e]
V  [jvm.dll+0x821b20]
V  [jvm.dll+0x3c27c1]
V  [jvm.dll+0x8022f1]
V  [jvm.dll+0x44b30f]
V  [jvm.dll+0x44cc91]
C  [jli.dll+0x5287]
C  [ucrtbase.dll+0x21bb2]
C  [KERNEL32.DLL+0x17614]
C  [ntdll.dll+0x526f1]


---------------  P R O C E S S  ---------------

Threads class SMR info:
_java_thread_list=0x00007ffcddfad048, length=0, elements={
}

Java Threads: ( => current thread )

Other Threads:
  0x000002768300f520 WorkerThread "GC Thread#0" [stack: 0x000000d407600000,0x000000d407700000] [id=18692]
  0x0000027683022090 ConcurrentGCThread "G1 Main Marker" [stack: 0x000000d407700000,0x000000d407800000] [id=20264]
  0x0000027683023070 WorkerThread "G1 Conc#0" [stack: 0x000000d407800000,0x000000d407900000] [id=9048]

[error occurred during error reporting (printing all threads), id 0xc0000005, EXCEPTION_ACCESS_VIOLATION (0xc0000005) at pc=0x00007ffcdd76d127]

VM state: not at safepoint (not fully initialized)

VM Mutex/Monitor currently owned by a thread:  ([mutex/lock_event])
[0x0000027682faacf0] Heap_lock - owner thread: 0x0000027682fac500

Heap address: 0x0000000081e00000, size: 2018 MB, Compressed Oops mode: 32-bit

CDS archive(s) mapped at: [0x0000000000000000-0x0000000000000000-0x0000000000000000), size 0, SharedBaseAddress: 0x0000000800000000, ArchiveRelocationMode: 0.
Narrow klass base: 0x0000000000000000, Narrow klass shift: 0, Narrow klass range: 0x0

GC Precious Log:
 CardTable entry size: 512
 Card Set container configuration: InlinePtr #cards 5 size 8 Array Of Cards #cards 12 size 40 Howl #buckets 4 coarsen threshold 1843 Howl Bitmap #cards 512 size 80 coarsen threshold 460 Card regions per heap region 1 cards per card region 2048

Heap:
 garbage-first heap   total 0K, used 0K [0x0000000081e00000, 0x0000000100000000)
  region size 1024K, 0 young (0K), 0 survivors (0K)

[error occurred during error reporting (printing heap information), id 0xc0000005, EXCEPTION_ACCESS_VIOLATION (0xc0000005) at pc=0x00007ffcddb76959]

GC Heap History (0 events):
No events

Dll operation events (1 events):
Event: 0.037 Loaded shared library C:\Users\robin\.jdks\openjdk-19.0.1\bin\java.dll

Deoptimization events (0 events):
No events

Classes loaded (0 events):
No events

Classes unloaded (0 events):
No events

Classes redefined (0 events):
No events

Internal exceptions (0 events):
No events

VM Operations (0 events):
No events

Events (0 events):
No events


Dynamic libraries:
0x00007ff7e68d0000 - 0x00007ff7e68de000 	C:\Users\robin\.jdks\openjdk-19.0.1\bin\java.exe
0x00007ffd25ed0000 - 0x00007ffd260c8000 	C:\WINDOWS\SYSTEM32\ntdll.dll
0x00007ffd25ac0000 - 0x00007ffd25b7f000 	C:\WINDOWS\System32\KERNEL32.DLL
0x00007ffd23c00000 - 0x00007ffd23ef6000 	C:\WINDOWS\System32\KERNELBASE.dll
0x00007ffd23990000 - 0x00007ffd23a90000 	C:\WINDOWS\System32\ucrtbase.dll
0x00007ffd0c480000 - 0x00007ffd0c497000 	C:\Users\robin\.jdks\openjdk-19.0.1\bin\jli.dll
0x00007ffd0be90000 - 0x00007ffd0beab000 	C:\Users\robin\.jdks\openjdk-19.0.1\bin\VCRUNTIME140.dll
0x00007ffd24950000 - 0x00007ffd24aed000 	C:\WINDOWS\System32\USER32.dll
0x00007ffd23f00000 - 0x00007ffd23f22000 	C:\WINDOWS\System32\win32u.dll
0x00007ffd13d60000 - 0x00007ffd13ffa000 	C:\WINDOWS\WinSxS\amd64_microsoft.windows.common-controls_6595b64144ccf1df_6.0.19041.1110_none_60b5254171f9507e\COMCTL32.dll
0x00007ffd24ca0000 - 0x00007ffd24ccc000 	C:\WINDOWS\System32\GDI32.dll
0x00007ffd25a20000 - 0x00007ffd25abe000 	C:\WINDOWS\System32\msvcrt.dll
0x00007ffd23710000 - 0x00007ffd23825000 	C:\WINDOWS\System32\gdi32full.dll
0x00007ffd238f0000 - 0x00007ffd2398d000 	C:\WINDOWS\System32\msvcp_win.dll
0x00007ffd25db0000 - 0x00007ffd25de0000 	C:\WINDOWS\System32\IMM32.DLL
0x00007ffd17cc0000 - 0x00007ffd17ccc000 	C:\Users\robin\.jdks\openjdk-19.0.1\bin\vcruntime140_1.dll
0x00007ffcee240000 - 0x00007ffcee2ce000 	C:\Users\robin\.jdks\openjdk-19.0.1\bin\msvcp140.dll
0x00007ffcdd430000 - 0x00007ffcde0f0000 	C:\Users\robin\.jdks\openjdk-19.0.1\bin\server\jvm.dll
0x00007ffd23fc0000 - 0x00007ffd2406f000 	C:\WINDOWS\System32\ADVAPI32.dll
0x00007ffd240d0000 - 0x00007ffd2416c000 	C:\WINDOWS\System32\sechost.dll
0x00007ffd25530000 - 0x00007ffd25656000 	C:\WINDOWS\System32\RPCRT4.dll
0x00007ffd1b1d0000 - 0x00007ffd1b1d9000 	C:\WINDOWS\SYSTEM32\WSOCK32.dll
0x00007ffd15900000 - 0x00007ffd15927000 	C:\WINDOWS\SYSTEM32\WINMM.dll
0x00007ffd22270000 - 0x00007ffd2227a000 	C:\WINDOWS\SYSTEM32\VERSION.dll
0x00007ffd24d60000 - 0x00007ffd24dcb000 	C:\WINDOWS\System32\WS2_32.dll
0x00007ffd21f20000 - 0x00007ffd21f32000 	C:\WINDOWS\SYSTEM32\kernel.appcore.dll
0x00007ffd17c90000 - 0x00007ffd17c9a000 	C:\Users\robin\.jdks\openjdk-19.0.1\bin\jimage.dll
0x00007ffd219e0000 - 0x00007ffd21bc4000 	C:\WINDOWS\SYSTEM32\DBGHELP.DLL
0x00007ffd0a840000 - 0x00007ffd0a874000 	C:\WINDOWS\SYSTEM32\dbgcore.DLL
0x00007ffd23b40000 - 0x00007ffd23bc2000 	C:\WINDOWS\System32\bcryptPrimitives.dll
0x00007ffd198e0000 - 0x00007ffd198ee000 	C:\Users\robin\.jdks\openjdk-19.0.1\bin\instrument.dll
0x00007ffd068a0000 - 0x00007ffd068c6000 	C:\Users\robin\.jdks\openjdk-19.0.1\bin\java.dll

dbghelp: loaded successfully - version: 4.0.5 - missing functions: none
symbol engine: initialized successfully - sym options: 0x614 - pdb path: .;C:\Users\robin\.jdks\openjdk-19.0.1\bin;C:\WINDOWS\SYSTEM32;C:\WINDOWS\WinSxS\amd64_microsoft.windows.common-controls_6595b64144ccf1df_6.0.19041.1110_none_60b5254171f9507e;C:\Users\robin\.jdks\openjdk-19.0.1\bin\server

VM Arguments:
jvm_args: -javaagent:C:\Program Files\JetBrains\IntelliJ IDEA 2022.2.3\lib\idea_rt.jar=53083:C:\Program Files\JetBrains\IntelliJ IDEA 2022.2.3\bin -Dfile.encoding=UTF-8 -Dsun.stdout.encoding=UTF-8 -Dsun.stderr.encoding=UTF-8 --module-path=C:\Users\robin\AndroidStudioProjects\BloedonderzoekSysteem\target\classes;C:\Users\robin\.m2\repository\org\openjfx\javafx-graphics\19-ea+7\javafx-graphics-19-ea+7-win.jar;C:\Users\robin\.m2\repository\org\openjfx\javafx-controls\19-ea+7\javafx-controls-19-ea+7-win.jar;C:\Users\robin\.m2\repository\org\openjfx\javafx-base\19-ea+7\javafx-base-19-ea+7-win.jar;C:\Users\robin\.m2\repository\org\openjfx\javafx-fxml\19-ea+7\javafx-fxml-19-ea+7-win.jar -Djdk.module.main=com.example.bloedonderzoeksyteem 
java_command: com.example.bloedonderzoeksyteem/com.example.bloedonderzoeksyteem.Applicatie
java_class_path (initial): C:\Users\robin\.m2\repository\org\openjfx\javafx-controls\19-ea+7\javafx-controls-19-ea+7.jar;C:\Users\robin\.m2\repository\org\openjfx\javafx-graphics\19-ea+7\javafx-graphics-19-ea+7.jar;C:\Users\robin\.m2\repository\org\openjfx\javafx-base\19-ea+7\javafx-base-19-ea+7.jar;C:\Users\robin\.m2\repository\org\openjfx\javafx-fxml\19-ea+7\javafx-fxml-19-ea+7.jar
Launcher Type: SUN_STANDARD

[Global flags]
     intx CICompilerCount                          = 4                                         {product} {ergonomic}
     uint ConcGCThreads                            = 2                                         {product} {ergonomic}
     uint G1ConcRefinementThreads                  = 8                                         {product} {ergonomic}
   size_t G1HeapRegionSize                         = 1048576                                   {product} {ergonomic}
    uintx GCDrainStackTargetSize                   = 64                                        {product} {ergonomic}
   size_t InitialHeapSize                          = 134217728                                 {product} {ergonomic}
   size_t MarkStackSize                            = 4194304                                   {product} {ergonomic}
   size_t MaxHeapSize                              = 2116026368                                {product} {ergonomic}
   size_t MinHeapDeltaBytes                        = 1048576                                   {product} {ergonomic}
   size_t MinHeapSize                              = 8388608                                   {product} {ergonomic}
    uintx NonNMethodCodeHeapSize                   = 5839372                                {pd product} {ergonomic}
    uintx NonProfiledCodeHeapSize                  = 122909434                              {pd product} {ergonomic}
    uintx ProfiledCodeHeapSize                     = 122909434                              {pd product} {ergonomic}
    uintx ReservedCodeCacheSize                    = 251658240                              {pd product} {ergonomic}
     bool SegmentedCodeCache                       = true                                      {product} {ergonomic}
   size_t SoftMaxHeapSize                          = 2116026368                             {manageable} {ergonomic}
     bool UseCompressedClassPointers               = true                           {product lp64_product} {ergonomic}
     bool UseCompressedOops                        = true                           {product lp64_product} {ergonomic}
     bool UseG1GC                                  = true                                      {product} {ergonomic}
     bool UseLargePagesIndividualAllocation        = false                                  {pd product} {ergonomic}

Logging:
Log output configuration:
 #0: stdout all=warning uptime,level,tags foldmultilines=false
 #1: stderr all=off uptime,level,tags foldmultilines=false

Environment Variables:
PATH=C:\Program Files (x86)\Common Files\Oracle\Java\javapath;C:\WINDOWS\system32;C:\WINDOWS;C:\WINDOWS\System32\Wbem;C:\WINDOWS\System32\WindowsPowerShell\v1.0\;C:\Program Files (x86)\HP\HP Performance Advisor;C:\WINDOWS\System32\OpenSSH\;C:\xampp\php;C:\Program Files (x86)\Intel\Intel(R) Management Engine Components\DAL;C:\Program Files\Intel\Intel(R) Management Engine Components\DAL;C:\Program Files\Git\cmd;C:\Users\robin\AppData\Local\Microsoft\WindowsApps;C:\Users\robin\AppData\Local\Programs\Microsoft VS Code\bin;C:\Users\robin\AppData\Local\gitkraken\bin;C:\Users\robin\AppData\Local\GitHubDesktop\bin
USERNAME=robin
OS=Windows_NT
PROCESSOR_IDENTIFIER=Intel64 Family 6 Model 158 Stepping 9, GenuineIntel
TMP=C:\Users\robin\AppData\Local\Temp
TEMP=C:\Users\robin\AppData\Local\Temp



---------------  S Y S T E M  ---------------

OS:
 Windows 10 , 64 bit Build 19041 (10.0.19041.3031)
OS uptime: 4 days 21:22 hours

CPU: total 8 (initial active 8) (4 cores per cpu, 2 threads per core) family 6 model 158 stepping 9 microcode 0xf2, cx8, cmov, fxsr, ht, mmx, 3dnowpref, sse, sse2, sse3, ssse3, sse4.1, sse4.2, popcnt, lzcnt, tsc, tscinvbit, avx, avx2, aes, erms, clmul, bmi1, bmi2, adx, fma, vzeroupper, clflush, clflushopt, rdtscp

Memory: 4k page, system-wide physical 8067M (605M free)
TotalPageFile size 12163M (AvailPageFile size 89M)
current process WorkingSet (physical memory assigned to process): 10M, peak: 10M
current process commit charge ("private bytes"): 60M, peak: 188M

vm_info: OpenJDK 64-Bit Server VM (19.0.1+10-21) for windows-amd64 JRE (19.0.1+10-21), built on 2022-09-14T12:45:06Z by "mach5one" with MS VC++ 17.1 (VS2022)

END.
